<?xml version="1.0" encoding="UTF-8"?>
<testsuite xmlns:xsi="http://www.w3.org/2001/XMLSchema-instance" xsi:noNamespaceSchemaLocation="https://maven.apache.org/surefire/maven-surefire-plugin/xsd/surefire-test-report-3.0.xsd" version="3.0" name="TestSuite" time="21.725" tests="5" errors="0" skipped="0" failures="0">
  <properties>
[...]
</properties>
  <testcase name="runScenario[&quot;Navigating to the forgotten password page&quot;, &quot;Login Functionality for OpenCart E-commerce Website&quot;](1)" classname="runner.TestRunner" time="18.398">
    <system-out><![CDATA[...
... TestNG 7.10.2 by Cédric Beust (cedric@beust.com)
...


Scenario Outline: Unsuccessful login with invalid or empty credentials                                 # src/test/resources/features/loginpage.feature:23

Scenario Outline: Unsuccessful login with invalid or empty credentials                                 # src/test/resources/features/loginpage.feature:22

Scenario Outline: Unsuccessful login with invalid or empty credentials                                 # src/test/resources/features/loginpage.feature:24

Scenario: Successful login with valid credentials    # src/test/resources/features/loginpage.feature:10

Scenario: Navigating to the forgotten password page      # src/test/resources/features/loginpage.feature:26
  Given I am on the opencart login page                                                                # org.opencart.stepdefs.LoginPageStepDef.i_am_on_the_open_cart_login_page()
  Given I am on the opencart login page              # org.opencart.stepdefs.LoginPageStepDef.i_am_on_the_open_cart_login_page()
  Given I am on the opencart login page                                                                # org.opencart.stepdefs.LoginPageStepDef.i_am_on_the_open_cart_login_page()
  Given I am on the opencart login page                  # org.opencart.stepdefs.LoginPageStepDef.i_am_on_the_open_cart_login_page()
  Given I am on the opencart login page                                                                # org.opencart.stepdefs.LoginPageStepDef.i_am_on_the_open_cart_login_page()
  When I click on the "Forgotten Password" link          # org.opencart.stepdefs.LoginPageStepDef.i_click_on_the_forgotten_password_link()
  Then I should be redirected to the password reset page # org.opencart.stepdefs.LoginPageStepDef.i_should_be_redirected_to_the_password_reset_page()
  Given I have entered invalid "abcc" and "invalidPassword"                                            # org.opencart.stepdefs.LoginPageStepDef.i_have_entered_invalid_and(java.lang.String,java.lang.String)
  Given I have entered a valid username and password # org.opencart.stepdefs.LoginPageStepDef.i_have_entered_a_valid_username_and_password()
  When I click on the login button                                                                     # org.opencart.stepdefs.LoginPageStepDef.i_click_on_the_login_button()
  Then I should see an error message indicating "Warning: No match for E-mail Address and/or Password" # org.opencart.stepdefs.LoginPageStepDef.i_should_see_an_error_message_indicating(java.lang.String)
  Given I have entered invalid "valid@gmail.com`" and "abcc"                                           # org.opencart.stepdefs.LoginPageStepDef.i_have_entered_invalid_and(java.lang.String,java.lang.String)
  Given I have entered invalid "invalid@gmail.com" and "invalidPassword"                               # org.opencart.stepdefs.LoginPageStepDef.i_have_entered_invalid_and(java.lang.String,java.lang.String)
  When I click on the login button                   # org.opencart.stepdefs.LoginPageStepDef.i_click_on_the_login_button()
  When I click on the login button                                                                     # org.opencart.stepdefs.LoginPageStepDef.i_click_on_the_login_button()
  Then I should be logged in successfully            # org.opencart.stepdefs.LoginPageStepDef.i_should_be_logged_in_successfully()
  Then I should see an error message indicating "Warning: No match for E-mail Address and/or Password" # org.opencart.stepdefs.LoginPageStepDef.i_should_see_an_error_message_indicating(java.lang.String)
  When I click on the login button                                                                     # org.opencart.stepdefs.LoginPageStepDef.i_click_on_the_login_button()
  Then I should see an error message indicating "Warning: No match for E-mail Address and/or Password" # org.opencart.stepdefs.LoginPageStepDef.i_should_see_an_error_message_indicating(java.lang.String)
]]></system-out>
    <system-err><![CDATA[SLF4J: Failed to load class "org.slf4j.impl.StaticLoggerBinder".
SLF4J: Defaulting to no-operation (NOP) logger implementation
SLF4J: See http://www.slf4j.org/codes.html#StaticLoggerBinder for further details.
Feb 19, 2025 10:02:19 PM org.openqa.selenium.devtools.CdpVersionFinder findNearestMatch
WARNING: Unable to find an exact match for CDP version 133, returning the closest version; found: 132; Please update to a Selenium version that supports CDP version 133
Feb 19, 2025 10:02:19 PM org.openqa.selenium.devtools.CdpVersionFinder findNearestMatch
WARNING: Unable to find an exact match for CDP version 133, returning the closest version; found: 132; Please update to a Selenium version that supports CDP version 133
Feb 19, 2025 10:02:19 PM org.openqa.selenium.devtools.CdpVersionFinder findNearestMatch
WARNING: Unable to find an exact match for CDP version 133, returning the closest version; found: 132; Please update to a Selenium version that supports CDP version 133
Feb 19, 2025 10:02:19 PM org.openqa.selenium.devtools.CdpVersionFinder findNearestMatch
WARNING: Unable to find an exact match for CDP version 133, returning the closest version; found: 132; Please update to a Selenium version that supports CDP version 133
Feb 19, 2025 10:02:19 PM org.openqa.selenium.devtools.CdpVersionFinder findNearestMatch
WARNING: Unable to find an exact match for CDP version 133, returning the closest version; found: 132; Please update to a Selenium version that supports CDP version 133
]]></system-err>
  </testcase>
  <testcase name="runScenario[&quot;Unsuccessful login with invalid or empty credentials&quot;, &quot;Login Functionality for OpenCart E-commerce Website&quot;](2)" classname="runner.TestRunner" time="18.855"/>
  <testcase name="runScenario[&quot;Unsuccessful login with invalid or empty credentials&quot;, &quot;Login Functionality for OpenCart E-commerce Website&quot;](3)" classname="runner.TestRunner" time="19.368"/>
  <testcase name="runScenario[&quot;Successful login with valid credentials&quot;, &quot;Login Functionality for OpenCart E-commerce Website&quot;](4)" classname="runner.TestRunner" time="19.474"/>
  <testcase name="runScenario[&quot;Unsuccessful login with invalid or empty credentials&quot;, &quot;Login Functionality for OpenCart E-commerce Website&quot;](5)" classname="runner.TestRunner" time="19.542"/>
</testsuite>